[2025-10-30 06:04:54] Created directory: Z:\\boot
[2025-10-30 06:04:54] Created directory: Z:\\boot\es-mx
[2025-10-30 06:04:54] Created directory: Z:\\boot\fonts
[2025-10-30 06:04:54] Created directory: Z:\\boot\resources
[2025-10-30 06:04:54] Created directory: Z:\\sources
[2025-10-30 06:04:54] Created directory: Z:\\sources\dlmanifests
[2025-10-30 06:04:54] Created directory: Z:\\sources\dlmanifests\microsoft-activedirectory-webservices-dl
[2025-10-30 06:04:55] Created directory: Z:\\sources\dlmanifests\microsoft-windows-bluetooth-config
[2025-10-30 06:04:55] Created directory: Z:\\sources\dlmanifests\microsoft-windows-com-complus-setup-dl
[2025-10-30 06:04:55] Created directory: Z:\\sources\dlmanifests\microsoft-windows-com-dtc-setup-dl
[2025-10-30 06:04:55] Created directory: Z:\\sources\dlmanifests\microsoft-windows-dhcpservermigplugin-dl
[2025-10-30 06:04:55] Created directory: Z:\\sources\dlmanifests\microsoft-windows-directoryservices-adam-dl
[2025-10-30 06:04:55] Created directory: Z:\\sources\dlmanifests\microsoft-windows-iasserver-migplugin
[2025-10-30 06:04:55] Created directory: Z:\\sources\dlmanifests\microsoft-windows-ie-clientnetworkprotocolimplementation-migration
[2025-10-30 06:04:55] Created directory: Z:\\sources\dlmanifests\microsoft-windows-internet-naming-service-runtime
[2025-10-30 06:04:55] Created directory: Z:\\sources\dlmanifests\microsoft-windows-msmq-messagingcoreservice
[2025-10-30 06:04:55] Created directory: Z:\\sources\dlmanifests\microsoft-windows-networkbridge
[2025-10-30 06:04:55] Created directory: Z:\\sources\dlmanifests\microsoft-windows-networkloadbalancing-core
[2025-10-30 06:04:56] Created directory: Z:\\sources\dlmanifests\microsoft-windows-rasconnectionmanager
[2025-10-30 06:04:56] Created directory: Z:\\sources\dlmanifests\microsoft-windows-rasserver-migplugin
[2025-10-30 06:04:56] Created directory: Z:\\sources\dlmanifests\microsoft-windows-tapisetup
[2025-10-30 06:04:56] Created directory: Z:\\sources\dlmanifests\microsoft-windows-terminalservices-licenseserver
[2025-10-30 06:04:56] Created directory: Z:\\sources\dlmanifests\microsoft-windows-textservicesframework-migration-dl
[2025-10-30 06:04:56] Created directory: Z:\\sources\dlmanifests\microsoft-windows-unimodem-config
[2025-10-30 06:04:56] Created directory: Z:\\sources\dlmanifests\microsoft-windows-winsock-core-infrastructure-upgrade
[2025-10-30 06:04:56] Created directory: Z:\\sources\dlmanifests\microsoft-windows-wmi-core
[2025-10-30 06:04:56] Created directory: Z:\\sources\dlmanifests\networking-mpssvc-svc
[2025-10-30 06:04:57] Created directory: Z:\\sources\es-mx
[2025-10-30 06:04:58] Created directory: Z:\\sources\etwproviders
[2025-10-30 06:04:58] Created directory: Z:\\sources\etwproviders\es-mx
[2025-10-30 06:04:58] Created directory: Z:\\sources\inf
[2025-10-30 06:04:58] Created directory: Z:\\sources\migration
[2025-10-30 06:04:58] Created directory: Z:\\sources\migration\wtr
[2025-10-30 06:04:58] Created directory: Z:\\sources\replacementmanifests
[2025-10-30 06:04:58] Created directory: Z:\\sources\replacementmanifests\hwvid-migration-2
[2025-10-30 06:04:58] Created directory: Z:\\sources\replacementmanifests\microsoft-activedirectory-webservices
[2025-10-30 06:04:58] Created directory: Z:\\sources\replacementmanifests\microsoft-client-license-platform-service-migration
[2025-10-30 06:04:58] Created directory: Z:\\sources\replacementmanifests\microsoft-edge-migration-plugin
[2025-10-30 06:04:58] Created directory: Z:\\sources\replacementmanifests\microsoft-onecore-tiledatarepository
[2025-10-30 06:04:58] Created directory: Z:\\sources\replacementmanifests\microsoft-windows-appmanagement-migration
[2025-10-30 06:04:59] Created directory: Z:\\sources\replacementmanifests\microsoft-windows-appx-deployment-server
[2025-10-30 06:04:59] Created directory: Z:\\sources\replacementmanifests\microsoft-windows-audio-mmecore-other
[2025-10-30 06:04:59] Created directory: Z:\\sources\replacementmanifests\microsoft-windows-bth-user
[2025-10-30 06:04:59] Created directory: Z:\\sources\replacementmanifests\microsoft-windows-com-complus-setup
[2025-10-30 06:04:59] Created directory: Z:\\sources\replacementmanifests\microsoft-windows-deviceassociationframeworkmigration
[2025-10-30 06:04:59] Created directory: Z:\\sources\replacementmanifests\microsoft-windows-directoryservices-adam-client
[2025-10-30 06:04:59] Created directory: Z:\\sources\replacementmanifests\microsoft-windows-iis-rm
[2025-10-30 06:04:59] Created directory: Z:\\sources\replacementmanifests\microsoft-windows-mapscontrol-migration
[2025-10-30 06:04:59] Created directory: Z:\\sources\replacementmanifests\microsoft-windows-mup
[2025-10-30 06:04:59] Created directory: Z:\\sources\replacementmanifests\microsoft-windows-network-setup
[2025-10-30 06:05:00] Created directory: Z:\\sources\replacementmanifests\microsoft-windows-offlinefiles-core
[2025-10-30 06:05:00] Created directory: Z:\\sources\replacementmanifests\microsoft-windows-offlinefiles-core\es-mx
[2025-10-30 06:05:00] Created directory: Z:\\sources\replacementmanifests\microsoft-windows-pnpmigration
[2025-10-30 06:05:00] Created directory: Z:\\sources\replacementmanifests\microsoft-windows-rasapi-mig
[2025-10-30 06:05:00] Created directory: Z:\\sources\replacementmanifests\microsoft-windows-rasserver-migplugin
[2025-10-30 06:05:00] Created directory: Z:\\sources\replacementmanifests\microsoft-windows-security-ngc-localaccountmigplugin
[2025-10-30 06:05:00] Created directory: Z:\\sources\replacementmanifests\microsoft-windows-shmig
[2025-10-30 06:05:00] Created directory: Z:\\sources\replacementmanifests\microsoft-windows-shmig\es-mx
[2025-10-30 06:05:00] Created directory: Z:\\sources\replacementmanifests\microsoft-windows-sxs
[2025-10-30 06:05:00] Created directory: Z:\\sources\replacementmanifests\microsoft-windows-sxs\es-mx
[2025-10-30 06:05:00] Created directory: Z:\\sources\replacementmanifests\microsoft-windows-tcpip
[2025-10-30 06:05:00] Created directory: Z:\\sources\replacementmanifests\microsoft-windows-terminalservices-appserver-licensing
[2025-10-30 06:05:00] Created directory: Z:\\sources\replacementmanifests\microsoft-windows-terminalservices-licenseserver
[2025-10-30 06:05:00] Created directory: Z:\\sources\replacementmanifests\microsoft-windows-textservicesframework-migration
[2025-10-30 06:05:01] Created directory: Z:\\sources\replacementmanifests\microsoft-windows-virtualization-vmswitch
[2025-10-30 06:05:01] Created directory: Z:\\sources\replacementmanifests\networkbridge
[2025-10-30 06:05:01] Created directory: Z:\\sources\replacementmanifests\networking-mpssvc-svc
[2025-10-30 06:05:01] Created directory: Z:\\sources\replacementmanifests\printing-localprinting-replacement
[2025-10-30 06:05:01] Created directory: Z:\\sources\replacementmanifests\sppmig
[2025-10-30 06:05:01] Created directory: Z:\\sources\replacementmanifests\windowssearchengine
[2025-10-30 06:05:01] Created directory: Z:\\sources\replacementmanifests\wpc
[2025-10-30 06:05:03] Created directory: Z:\\sources\sxs
[2025-10-30 06:05:04] Created directory: Z:\\sources\uup
[2025-10-30 06:05:04] Created directory: Z:\\sources\uup\metadata
[2025-10-30 06:05:04] Created directory: Z:\\sources\vista
[2025-10-30 06:05:04] Created directory: Z:\\sources\xp
[2025-10-30 06:05:36] Created directory: Z:\\support
[2025-10-30 06:05:36] Created directory: Z:\\support\logging
[2025-10-30 06:05:36] Created directory: Z:\\support\logging\es-mx
[2025-10-30 06:05:37] Directory already exists: Y:\EFI
[2025-10-30 06:05:37] Directory already exists: Y:\EFI\boot
[2025-10-30 06:05:37] Directory already exists: Y:\EFI\microsoft
[2025-10-30 06:05:37] Directory already exists: Y:\EFI\microsoft\boot
[2025-10-30 06:05:37] Directory already exists: Y:\EFI\microsoft\boot\fonts
[2025-10-30 06:05:37] Directory already exists: Y:\EFI\microsoft\boot\resources
