[2025-10-29 15:00:07] Starting ISO extraction from: C:\Users\vboxuser\Desktop\HBCD_PE_x64.iso
[2025-10-29 15:00:07] Destination (data): Z:\
[2025-10-29 15:00:07] ESP path: Y:\
[2025-10-29 15:00:07] Extract content: Yes
[2025-10-29 15:00:07] Mount command: powershell -Command "$iso = Mount-DiskImage -ImagePath 'C:\Users\vboxuser\Desktop\HBCD_PE_x64.iso' -PassThru; $volume = Get-DiskImage -ImagePath 'C:\Users\vboxuser\Desktop\HBCD_PE_x64.iso' | Get-Volume; if ($volume) { $volume.DriveLetter } else { 'FAILED' }"
[2025-10-29 15:00:15] Mount successful
[2025-10-29 15:00:15] Source path: E:\
[2025-10-29 15:00:15] Waiting 5 seconds for drive to be ready
[2025-10-29 15:00:22] Drive ready, proceeding with analysis
[2025-10-29 15:00:26] Is Windows ISO: No
[2025-10-29 15:01:05] Extracting EFI directory to ESP
[2025-10-29 15:01:06] Failed to copy bootmgr.efi to ESP, error: 5
[2025-10-29 15:01:06] Failed to copy bootmgr.efi as BOOTX64.EFI, error: 5
[2025-10-29 15:01:06] Failed to copy bootmgfw.efi from system, error: 5
[2025-10-29 15:01:06] Extracting additional boot files from boot.wim
[2025-10-29 15:01:06] Mount command: dism /Mount-Wim /WimFile:"E:\sources\boot.wim" /index:1 /MountDir:"C:\Users\vboxuser\AppData\Local\Temp\EasyISOBoot_WimMount\" /ReadOnly
[2025-10-29 15:01:07] Mount WIM failed
[2025-10-29 15:01:07] Failed to mount boot.wim
[2025-10-29 15:01:07] Boot file check: Y:\EFI\boot\bootx64.efi - EXISTS
[2025-10-29 15:01:07] Copying BOOTX64.EFI from system for compatibility
[2025-10-29 15:01:07] Failed to copy bootmgfw.efi, error: 5
[2025-10-29 15:01:07] Failed to copy bootx64.efi, error: 2
[2025-10-29 15:01:07] Dismount command: powershell -Command "Dismount-DiskImage -ImagePath 'C:\Users\vboxuser\Desktop\HBCD_PE_x64.iso'"
[2025-10-29 15:01:11] Dismount ISO completed
[2025-10-29 15:01:11] EFI extraction SUCCESS
[2025-10-29 15:01:11] Content extraction completed.
